\BOOKMARK [0][-]{chapter.1}{Gii thiu}{}% 1
\BOOKMARK [1][-]{section.1.1}{Gii thiu \040t\340i}{chapter.1}% 2
\BOOKMARK [1][-]{section.1.2}{Muc ti\352u, gii han v\340 c\341c giai oan cua \040t\340i}{chapter.1}% 3
\BOOKMARK [2][-]{subsection.1.2.1}{Muc ti\352u v\340 gii han cua \040t\340i}{section.1.2}% 4
\BOOKMARK [2][-]{subsection.1.2.2}{Giai oan Thc Tp Tt Nghip}{section.1.2}% 5
\BOOKMARK [2][-]{subsection.1.2.3}{Giai oan Lun Van Tt Nghip}{section.1.2}% 6
\BOOKMARK [1][-]{section.1.3}{Pham vi \040t\340i}{chapter.1}% 7
\BOOKMARK [1][-]{section.1.4}{Cu tr\372c b\341o c\341o}{chapter.1}% 8
\BOOKMARK [0][-]{chapter.2}{Ph\342n t\355ch vn }{}% 9
\BOOKMARK [1][-]{section.2.1}{V\355 du minh hoa v\340 ph\342n t\355ch}{chapter.2}% 10
\BOOKMARK [1][-]{section.2.2}{Giai ph\341p \040nghi}{chapter.2}% 11
\BOOKMARK [2][-]{subsection.2.2.1}{H thng t vn}{section.2.2}% 12
\BOOKMARK [2][-]{subsection.2.2.2}{C ch chon m\364n hoc ph\371 hp vi sinh vi\352n}{section.2.2}% 13
\BOOKMARK [1][-]{section.2.3}{Kin tr\372c h thng}{chapter.2}% 14
\BOOKMARK [0][-]{chapter.3}{Kin thc nn tang}{}% 15
\BOOKMARK [-1][-]{part.1}{I Kin thc nn tang}{}% 16
\BOOKMARK [0][-]{section.3.1}{Loc da tr\352n ni dung \(CBF: Content-based Filtering\)}{part.1}% 17
\BOOKMARK [1][-]{subsection.3.1.1}{u im v\340 Nhc im}{section.3.1}% 18
\BOOKMARK [2][-]{subsection.3.1.2}{Ct l\365i s dung trong Loc da tr\352n ni dung}{subsection.3.1.1}% 19
\BOOKMARK [2][-]{subsection.3.1.3}{u im v\340 nhc im}{subsection.3.1.1}% 20
\BOOKMARK [2][-]{subsection.3.1.4}{C\341c phng ph\341p}{subsection.3.1.1}% 21
\BOOKMARK [-1][-]{part.2}{II C\364ng ngh s dung}{}% 22
\BOOKMARK [0][-]{chapter.4}{KT QUA}{part.2}% 23
\BOOKMARK [1][-]{section.4.1}{Kt qua at c trong giai oan Thc Tp Tt Nghip}{chapter.4}% 24
\BOOKMARK [2][-]{subsection.4.1.1}{T\363m tt kt qua}{section.4.1}% 25
\BOOKMARK [2][-]{subsection.4.1.2}{K hoach cho giai oan Lun Van Tt Nghip}{section.4.1}% 26
